<?xml version="1.0" encoding="utf-8" standalone="no"?>
<test-run id="0" runstate="Runnable" testcasecount="19" result="Failed" total="19" passed="0" failed="19" warnings="0" inconclusive="0" skipped="0" asserts="0" engine-version="3.15.2.0" clr-version="6.0.10" start-time="2022-10-21 15:12:16Z" end-time="2022-10-21 15:12:25Z" duration="8.266111">
  <command-line><![CDATA[D:\NUnit.Console-3.15.2\bin\net6.0\nunit3-console.dll .\net6.0\Selenium.dll]]></command-line>
  <test-suite type="Assembly" id="1-1023" name="Selenium.dll" fullname="D:/testing/Maxima_Aqa/ApiTesting/DemoTestFramework/Selenium/bin/Debug/net6.0/Selenium.dll" runstate="Runnable" testcasecount="19" result="Failed" site="Child" start-time="2022-10-21T15:12:17.2374662Z" end-time="2022-10-21T15:12:25.2179912Z" duration="7.980458" total="19" passed="0" failed="19" warnings="0" inconclusive="0" skipped="0" asserts="0">
    <environment framework-version="3.13.2.0" clr-version="6.0.10" os-version="Microsoft Windows 10.0.19044" platform="Win32NT" cwd="D:\testing\Maxima_Aqa\ApiTesting\DemoTestFramework\Selenium\bin\Debug" machine-name="DESKTOP-TIF2TI9" user="AlisaSkrynko" user-domain="DESKTOP-TIF2TI9" culture="ru-RU" uiculture="ru-RU" os-architecture="x64" />
    <settings>
      <setting name="DisposeRunners" value="True" />
      <setting name="WorkDirectory" value="D:\testing\Maxima_Aqa\ApiTesting\DemoTestFramework\Selenium\bin\Debug" />
      <setting name="NumberOfTestWorkers" value="8" />
    </settings>
    <properties>
      <property name="_PID" value="13616" />
      <property name="_APPDOMAIN" value="nunit3-console" />
    </properties>
    <failure>
      <message><![CDATA[One or more child tests had errors]]></message>
    </failure>
    <test-suite type="TestSuite" id="1-1024" name="Selenium" fullname="Selenium" runstate="Runnable" testcasecount="19" result="Failed" site="Child" start-time="2022-10-21T15:12:17.2458333Z" end-time="2022-10-21T15:12:25.2179651Z" duration="7.972131" total="19" passed="0" failed="19" warnings="0" inconclusive="0" skipped="0" asserts="0">
      <failure>
        <message><![CDATA[One or more child tests had errors]]></message>
      </failure>
      <test-suite type="TestFixture" id="1-1000" name="OpenKznRegistrationTests" fullname="Selenium.OpenKznRegistrationTests" classname="Selenium.OpenKznRegistrationTests" runstate="Runnable" testcasecount="3" result="Failed" label="Error" site="SetUp" start-time="2022-10-21T15:12:17.2481998Z" end-time="2022-10-21T15:12:18.9050675Z" duration="1.656867" total="3" passed="0" failed="3" warnings="0" inconclusive="0" skipped="0" asserts="0">
        <failure>
          <message><![CDATA[System.IO.FileNotFoundException : Could not find file 'D:\testData.json'.]]></message>
          <stack-trace><![CDATA[   at Microsoft.Win32.SafeHandles.SafeFileHandle.CreateFile(String fullPath, FileMode mode, FileAccess access, FileShare share, FileOptions options)
   at Microsoft.Win32.SafeHandles.SafeFileHandle.Open(String fullPath, FileMode mode, FileAccess access, FileShare share, FileOptions options, Int64 preallocationSize)
   at System.IO.Strategies.OSFileStreamStrategy..ctor(String path, FileMode mode, FileAccess access, FileShare share, FileOptions options, Int64 preallocationSize)
   at System.IO.Strategies.FileStreamHelpers.ChooseStrategyCore(String path, FileMode mode, FileAccess access, FileShare share, FileOptions options, Int64 preallocationSize)
   at System.IO.Strategies.FileStreamHelpers.ChooseStrategy(FileStream fileStream, String path, FileMode mode, FileAccess access, FileShare share, Int32 bufferSize, FileOptions options, Int64 preallocationSize)
   at System.IO.StreamReader.ValidateArgsAndOpenPath(String path, Encoding encoding, Int32 bufferSize)
   at System.IO.File.InternalReadAllText(String path, Encoding encoding)
   at System.IO.File.ReadAllText(String path)
   at Selenium.TestBase.OneTimeSetup() in D:\testing\Maxima_Aqa\ApiTesting\DemoTestFramework\Selenium\TestBase.cs:line 36]]></stack-trace>
        </failure>
        <test-case id="1-1002" name="FactoryTesting" fullname="Selenium.OpenKznRegistrationTests.FactoryTesting" methodname="FactoryTesting" classname="Selenium.OpenKznRegistrationTests" runstate="Runnable" seed="2101930156" result="Failed" label="Error" site="Parent" start-time="2022-10-21T15:12:17.2481998Z" end-time="2022-10-21T15:12:18.6153444Z" duration="1.367414" asserts="0">
          <failure>
            <message><![CDATA[OneTimeSetUp: System.IO.FileNotFoundException : Could not find file 'D:\testData.json'.]]></message>
          </failure>
        </test-case>
        <test-case id="1-1001" name="OpenKznRegistrationTesting" fullname="Selenium.OpenKznRegistrationTests.OpenKznRegistrationTesting" methodname="OpenKznRegistrationTesting" classname="Selenium.OpenKznRegistrationTests" runstate="Runnable" seed="265186002" result="Failed" label="Error" site="Parent" start-time="2022-10-21T15:12:17.2481998Z" end-time="2022-10-21T15:12:18.6203821Z" duration="1.372183" asserts="0">
          <failure>
            <message><![CDATA[OneTimeSetUp: System.IO.FileNotFoundException : Could not find file 'D:\testData.json'.]]></message>
          </failure>
        </test-case>
        <test-case id="1-1003" name="PageElementTesting" fullname="Selenium.OpenKznRegistrationTests.PageElementTesting" methodname="PageElementTesting" classname="Selenium.OpenKznRegistrationTests" runstate="Runnable" seed="369259431" result="Failed" label="Error" site="Parent" start-time="2022-10-21T15:12:17.2481998Z" end-time="2022-10-21T15:12:18.6204705Z" duration="1.372269" asserts="0">
          <failure>
            <message><![CDATA[OneTimeSetUp: System.IO.FileNotFoundException : Could not find file 'D:\testData.json'.]]></message>
          </failure>
        </test-case>
      </test-suite>
      <test-suite type="TestFixture" id="1-1004" name="OpenKznTests" fullname="Selenium.OpenKznTests" classname="Selenium.OpenKznTests" runstate="Runnable" testcasecount="15" result="Failed" label="Error" site="SetUp" start-time="2022-10-21T15:12:18.9151729Z" end-time="2022-10-21T15:12:20.6235159Z" duration="1.708343" total="15" passed="0" failed="15" warnings="0" inconclusive="0" skipped="0" asserts="0">
        <properties>
          <property name="ParallelScope" value="All" />
        </properties>
        <failure>
          <message><![CDATA[System.IO.FileNotFoundException : Could not find file 'D:\testData.json'.]]></message>
          <stack-trace><![CDATA[   at Microsoft.Win32.SafeHandles.SafeFileHandle.CreateFile(String fullPath, FileMode mode, FileAccess access, FileShare share, FileOptions options)
   at Microsoft.Win32.SafeHandles.SafeFileHandle.Open(String fullPath, FileMode mode, FileAccess access, FileShare share, FileOptions options, Int64 preallocationSize)
   at System.IO.Strategies.OSFileStreamStrategy..ctor(String path, FileMode mode, FileAccess access, FileShare share, FileOptions options, Int64 preallocationSize)
   at System.IO.Strategies.FileStreamHelpers.ChooseStrategyCore(String path, FileMode mode, FileAccess access, FileShare share, FileOptions options, Int64 preallocationSize)
   at System.IO.Strategies.FileStreamHelpers.ChooseStrategy(FileStream fileStream, String path, FileMode mode, FileAccess access, FileShare share, Int32 bufferSize, FileOptions options, Int64 preallocationSize)
   at System.IO.StreamReader.ValidateArgsAndOpenPath(String path, Encoding encoding, Int32 bufferSize)
   at System.IO.File.InternalReadAllText(String path, Encoding encoding)
   at System.IO.File.ReadAllText(String path)
   at Selenium.TestBase.OneTimeSetup() in D:\testing\Maxima_Aqa\ApiTesting\DemoTestFramework\Selenium\TestBase.cs:line 36]]></stack-trace>
        </failure>
        <test-case id="1-1014" name="allertConfirmTesting" fullname="Selenium.OpenKznTests.allertConfirmTesting" methodname="allertConfirmTesting" classname="Selenium.OpenKznTests" runstate="Runnable" seed="1894061824" result="Failed" label="Error" site="Parent" start-time="2022-10-21T15:12:18.9151729Z" end-time="2022-10-21T15:12:20.2934822Z" duration="1.378309" asserts="0">
          <failure>
            <message><![CDATA[OneTimeSetUp: System.IO.FileNotFoundException : Could not find file 'D:\testData.json'.]]></message>
          </failure>
        </test-case>
        <test-case id="1-1015" name="allertPromtTesting" fullname="Selenium.OpenKznTests.allertPromtTesting" methodname="allertPromtTesting" classname="Selenium.OpenKznTests" runstate="Runnable" seed="1456886095" result="Failed" label="Error" site="Parent" start-time="2022-10-21T15:12:18.9151729Z" end-time="2022-10-21T15:12:20.2940176Z" duration="1.378845" asserts="0">
          <failure>
            <message><![CDATA[OneTimeSetUp: System.IO.FileNotFoundException : Could not find file 'D:\testData.json'.]]></message>
          </failure>
        </test-case>
        <test-case id="1-1013" name="allertTesting" fullname="Selenium.OpenKznTests.allertTesting" methodname="allertTesting" classname="Selenium.OpenKznTests" runstate="Runnable" seed="1076037986" result="Failed" label="Error" site="Parent" start-time="2022-10-21T15:12:18.9151729Z" end-time="2022-10-21T15:12:20.2943291Z" duration="1.379156" asserts="0">
          <failure>
            <message><![CDATA[OneTimeSetUp: System.IO.FileNotFoundException : Could not find file 'D:\testData.json'.]]></message>
          </failure>
        </test-case>
        <test-suite type="ParameterizedMethod" id="1-1010" name="CheckSizeWindowsJSTesting" fullname="Selenium.OpenKznTests.CheckSizeWindowsJSTesting" classname="Selenium.OpenKznTests" runstate="Runnable" testcasecount="3" result="Failed" label="Error" site="Parent" start-time="2022-10-21T15:12:18.9151729Z" end-time="2022-10-21T15:12:20.2946439Z" duration="1.379471" total="0" passed="0" failed="0" warnings="0" inconclusive="0" skipped="0" asserts="0">
          <failure>
            <message><![CDATA[OneTimeSetUp: System.IO.FileNotFoundException : Could not find file 'D:\testData.json'.]]></message>
          </failure>
        </test-suite>
        <test-case id="1-1007" name="CheckSizeWindowsJSTesting(800,600)" fullname="Selenium.OpenKznTests.CheckSizeWindowsJSTesting(800,600)" methodname="CheckSizeWindowsJSTesting" classname="Selenium.OpenKznTests" runstate="Runnable" seed="1271711828" result="Failed" label="Error" site="Parent" start-time="2022-10-21T15:12:18.9151729Z" end-time="2022-10-21T15:12:20.2970287Z" duration="1.381858" asserts="0">
          <failure>
            <message><![CDATA[OneTimeSetUp: System.IO.FileNotFoundException : Could not find file 'D:\testData.json'.]]></message>
          </failure>
        </test-case>
        <test-case id="1-1008" name="CheckSizeWindowsJSTesting(300,600)" fullname="Selenium.OpenKznTests.CheckSizeWindowsJSTesting(300,600)" methodname="CheckSizeWindowsJSTesting" classname="Selenium.OpenKznTests" runstate="Runnable" seed="2005543681" result="Failed" label="Error" site="Parent" start-time="2022-10-21T15:12:18.9151729Z" end-time="2022-10-21T15:12:20.2988535Z" duration="1.383680" asserts="0">
          <failure>
            <message><![CDATA[OneTimeSetUp: System.IO.FileNotFoundException : Could not find file 'D:\testData.json'.]]></message>
          </failure>
        </test-case>
        <test-case id="1-1009" name="CheckSizeWindowsJSTesting(740,1280)" fullname="Selenium.OpenKznTests.CheckSizeWindowsJSTesting(740,1280)" methodname="CheckSizeWindowsJSTesting" classname="Selenium.OpenKznTests" runstate="Runnable" seed="491576085" result="Failed" label="Error" site="Parent" start-time="2022-10-21T15:12:18.9151729Z" end-time="2022-10-21T15:12:20.2996381Z" duration="1.384465" asserts="0">
          <failure>
            <message><![CDATA[OneTimeSetUp: System.IO.FileNotFoundException : Could not find file 'D:\testData.json'.]]></message>
          </failure>
        </test-case>
        <test-case id="1-1020" name="checkStyyleTesting" fullname="Selenium.OpenKznTests.checkStyyleTesting" methodname="checkStyyleTesting" classname="Selenium.OpenKznTests" runstate="Runnable" seed="462661654" result="Failed" label="Error" site="Parent" start-time="2022-10-21T15:12:18.9151729Z" end-time="2022-10-21T15:12:20.2997639Z" duration="1.384591" asserts="0">
          <failure>
            <message><![CDATA[OneTimeSetUp: System.IO.FileNotFoundException : Could not find file 'D:\testData.json'.]]></message>
          </failure>
        </test-case>
        <test-case id="1-1017" name="cookieTesting" fullname="Selenium.OpenKznTests.cookieTesting" methodname="cookieTesting" classname="Selenium.OpenKznTests" runstate="Runnable" seed="1772676720" result="Failed" label="Error" site="Parent" start-time="2022-10-21T15:12:18.9151729Z" end-time="2022-10-21T15:12:20.2997820Z" duration="1.384608" asserts="0">
          <failure>
            <message><![CDATA[OneTimeSetUp: System.IO.FileNotFoundException : Could not find file 'D:\testData.json'.]]></message>
          </failure>
        </test-case>
        <test-case id="1-1019" name="jSExampleParentTesting" fullname="Selenium.OpenKznTests.jSExampleParentTesting" methodname="jSExampleParentTesting" classname="Selenium.OpenKznTests" runstate="Runnable" seed="1287194408" result="Failed" label="Error" site="Parent" start-time="2022-10-21T15:12:18.9151729Z" end-time="2022-10-21T15:12:20.2997953Z" duration="1.384622" asserts="0">
          <failure>
            <message><![CDATA[OneTimeSetUp: System.IO.FileNotFoundException : Could not find file 'D:\testData.json'.]]></message>
          </failure>
        </test-case>
        <test-case id="1-1011" name="jsExampleTesting" fullname="Selenium.OpenKznTests.jsExampleTesting" methodname="jsExampleTesting" classname="Selenium.OpenKznTests" runstate="Runnable" seed="1407161101" result="Failed" label="Error" site="Parent" start-time="2022-10-21T15:12:18.9151729Z" end-time="2022-10-21T15:12:20.2998126Z" duration="1.384639" asserts="0">
          <failure>
            <message><![CDATA[OneTimeSetUp: System.IO.FileNotFoundException : Could not find file 'D:\testData.json'.]]></message>
          </failure>
        </test-case>
        <test-case id="1-1018" name="jSExampleTesting" fullname="Selenium.OpenKznTests.jSExampleTesting" methodname="jSExampleTesting" classname="Selenium.OpenKznTests" runstate="Runnable" seed="1366471106" result="Failed" label="Error" site="Parent" start-time="2022-10-21T15:12:18.9151729Z" end-time="2022-10-21T15:12:20.2998323Z" duration="1.384659" asserts="0">
          <failure>
            <message><![CDATA[OneTimeSetUp: System.IO.FileNotFoundException : Could not find file 'D:\testData.json'.]]></message>
          </failure>
        </test-case>
        <test-case id="1-1016" name="newTabSwitchTesting" fullname="Selenium.OpenKznTests.newTabSwitchTesting" methodname="newTabSwitchTesting" classname="Selenium.OpenKznTests" runstate="Runnable" seed="1406160833" result="Failed" label="Error" site="Parent" start-time="2022-10-21T15:12:18.9151729Z" end-time="2022-10-21T15:12:20.2998426Z" duration="1.384669" asserts="0">
          <failure>
            <message><![CDATA[OneTimeSetUp: System.IO.FileNotFoundException : Could not find file 'D:\testData.json'.]]></message>
          </failure>
        </test-case>
        <test-case id="1-1005" name="OpenKznAuthTesting" fullname="Selenium.OpenKznTests.OpenKznAuthTesting" methodname="OpenKznAuthTesting" classname="Selenium.OpenKznTests" runstate="Runnable" seed="1203206487" result="Failed" label="Error" site="Parent" start-time="2022-10-21T15:12:18.9151729Z" end-time="2022-10-21T15:12:20.2998541Z" duration="1.384680" asserts="0">
          <failure>
            <message><![CDATA[OneTimeSetUp: System.IO.FileNotFoundException : Could not find file 'D:\testData.json'.]]></message>
          </failure>
        </test-case>
        <test-case id="1-1006" name="OpenKznCheckMyProfileTesting" fullname="Selenium.OpenKznTests.OpenKznCheckMyProfileTesting" methodname="OpenKznCheckMyProfileTesting" classname="Selenium.OpenKznTests" runstate="Runnable" seed="1580546870" result="Failed" label="Error" site="Parent" start-time="2022-10-21T15:12:18.9151729Z" end-time="2022-10-21T15:12:20.2998657Z" duration="1.384692" asserts="0">
          <failure>
            <message><![CDATA[OneTimeSetUp: System.IO.FileNotFoundException : Could not find file 'D:\testData.json'.]]></message>
          </failure>
        </test-case>
        <test-case id="1-1012" name="ScreenTesting" fullname="Selenium.OpenKznTests.ScreenTesting" methodname="ScreenTesting" classname="Selenium.OpenKznTests" runstate="Runnable" seed="510615003" result="Failed" label="Error" site="Parent" start-time="2022-10-21T15:12:18.9151729Z" end-time="2022-10-21T15:12:20.2998770Z" duration="1.384703" asserts="0">
          <failure>
            <message><![CDATA[OneTimeSetUp: System.IO.FileNotFoundException : Could not find file 'D:\testData.json'.]]></message>
          </failure>
        </test-case>
      </test-suite>
      <test-suite type="TestFixture" id="1-1021" name="RemoteExample" fullname="Selenium.RemoteExample" classname="Selenium.RemoteExample" runstate="Runnable" testcasecount="1" result="Failed" site="Child" start-time="2022-10-21T15:12:20.6236801Z" end-time="2022-10-21T15:12:25.2178890Z" duration="4.594208" total="1" passed="0" failed="1" warnings="0" inconclusive="0" skipped="0" asserts="0">
        <failure>
          <message><![CDATA[One or more child tests had errors]]></message>
        </failure>
        <test-case id="1-1022" name="GoogleExampleTesting" fullname="Selenium.RemoteExample.GoogleExampleTesting" methodname="GoogleExampleTesting" classname="Selenium.RemoteExample" runstate="Runnable" seed="684459926" result="Failed" label="Error" start-time="2022-10-21T15:12:20.6239186Z" end-time="2022-10-21T15:12:25.2162174Z" duration="4.592300" asserts="0">
          <failure>
            <message><![CDATA[OpenQA.Selenium.WebDriverException : An unknown exception was encountered sending an HTTP request to the remote WebDriver server for URL http://localhost:4444/wd/hub/session. The exception message was: Подключение не установлено, т.к. конечный компьютер отверг запрос на подключение. (localhost:4444)
  ----> System.Net.Http.HttpRequestException : Подключение не установлено, т.к. конечный компьютер отверг запрос на подключение. (localhost:4444)
  ----> System.Net.Sockets.SocketException : Подключение не установлено, т.к. конечный компьютер отверг запрос на подключение.
TearDown : System.NullReferenceException : Object reference not set to an instance of an object.]]></message>
            <stack-trace><![CDATA[   at OpenQA.Selenium.Remote.HttpCommandExecutor.Execute(Command commandToExecute)
   at OpenQA.Selenium.WebDriver.Execute(String driverCommandToExecute, Dictionary`2 parameters)
   at OpenQA.Selenium.WebDriver.StartSession(ICapabilities desiredCapabilities)
   at OpenQA.Selenium.WebDriver..ctor(ICommandExecutor executor, ICapabilities capabilities)
   at OpenQA.Selenium.Remote.RemoteWebDriver..ctor(ICommandExecutor commandExecutor, ICapabilities desiredCapabilities)
   at OpenQA.Selenium.Remote.RemoteWebDriver..ctor(Uri remoteAddress, ICapabilities desiredCapabilities, TimeSpan commandTimeout)
   at Selenium.RemoteExample.Setup() in D:\testing\Maxima_Aqa\ApiTesting\DemoTestFramework\Selenium\RemoteExample.cs:line 24
--HttpRequestException
   at System.Net.Http.HttpConnectionPool.ConnectToTcpHostAsync(String host, Int32 port, HttpRequestMessage initialRequest, Boolean async, CancellationToken cancellationToken)
   at System.Net.Http.HttpConnectionPool.ConnectAsync(HttpRequestMessage request, Boolean async, CancellationToken cancellationToken)
   at System.Net.Http.HttpConnectionPool.CreateHttp11ConnectionAsync(HttpRequestMessage request, Boolean async, CancellationToken cancellationToken)
   at System.Net.Http.HttpConnectionPool.AddHttp11ConnectionAsync(HttpRequestMessage request)
   at System.Threading.Tasks.TaskCompletionSourceWithCancellation`1.WaitWithCancellationAsync(CancellationToken cancellationToken)
   at System.Net.Http.HttpConnectionPool.GetHttp11ConnectionAsync(HttpRequestMessage request, Boolean async, CancellationToken cancellationToken)
   at System.Net.Http.HttpConnectionPool.SendWithVersionDetectionAndRetryAsync(HttpRequestMessage request, Boolean async, Boolean doRequestAuth, CancellationToken cancellationToken)
   at System.Net.Http.RedirectHandler.SendAsync(HttpRequestMessage request, Boolean async, CancellationToken cancellationToken)
   at System.Net.Http.HttpClient.<SendAsync>g__Core|83_0(HttpRequestMessage request, HttpCompletionOption completionOption, CancellationTokenSource cts, Boolean disposeCts, CancellationTokenSource pendingRequestsCts, CancellationToken originalCancellationToken)
   at OpenQA.Selenium.Remote.HttpCommandExecutor.MakeHttpRequest(HttpRequestInfo requestInfo)
   at OpenQA.Selenium.Remote.HttpCommandExecutor.Execute(Command commandToExecute)
--SocketException
   at System.Net.Sockets.Socket.AwaitableSocketAsyncEventArgs.ThrowException(SocketError error, CancellationToken cancellationToken)
   at System.Net.Sockets.Socket.AwaitableSocketAsyncEventArgs.System.Threading.Tasks.Sources.IValueTaskSource.GetResult(Int16 token)
   at System.Net.Sockets.Socket.<ConnectAsync>g__WaitForConnectWithCancellation|277_0(AwaitableSocketAsyncEventArgs saea, ValueTask connectTask, CancellationToken cancellationToken)
   at System.Net.Http.HttpConnectionPool.ConnectToTcpHostAsync(String host, Int32 port, HttpRequestMessage initialRequest, Boolean async, CancellationToken cancellationToken)
--TearDown
   at Selenium.RemoteExample.After() in D:\testing\Maxima_Aqa\ApiTesting\DemoTestFramework\Selenium\RemoteExample.cs:line 30]]></stack-trace>
          </failure>
        </test-case>
      </test-suite>
    </test-suite>
  </test-suite>
</test-run>