<?xml version="1.0" encoding="utf-8" standalone="no"?>
<test-run id="0" runstate="Runnable" testcasecount="20" result="Failed" total="20" passed="0" failed="20" warnings="0" inconclusive="0" skipped="0" asserts="0" engine-version="3.15.2.0" clr-version="6.0.10" start-time="2022-10-21 17:24:54Z" end-time="2022-10-21 17:25:05Z" duration="10.958122">
  <command-line><![CDATA[D:\NUnit.Console-3.15.2\bin\net6.0\nunit3-console.dll .\Debug\net6.0\Selenium.dll]]></command-line>
  <test-suite type="Assembly" id="1-1025" name="Selenium.dll" fullname="D:/testing/Maxima_Aqa/ApiTesting/DemoTestFramework/Selenium/bin/Debug/net6.0/Selenium.dll" runstate="Runnable" testcasecount="20" result="Failed" site="Child" start-time="2022-10-21T17:24:54.8268794Z" end-time="2022-10-21T17:25:05.5542444Z" duration="10.727292" total="20" passed="0" failed="20" warnings="0" inconclusive="0" skipped="0" asserts="0">
    <environment framework-version="3.13.2.0" clr-version="6.0.10" os-version="Microsoft Windows 10.0.19044" platform="Win32NT" cwd="D:\testing\Maxima_Aqa\ApiTesting\DemoTestFramework\Selenium\bin" machine-name="DESKTOP-TIF2TI9" user="AlisaSkrynko" user-domain="DESKTOP-TIF2TI9" culture="ru-RU" uiculture="ru-RU" os-architecture="x64" />
    <settings>
      <setting name="DisposeRunners" value="True" />
      <setting name="WorkDirectory" value="D:\testing\Maxima_Aqa\ApiTesting\DemoTestFramework\Selenium\bin" />
      <setting name="NumberOfTestWorkers" value="8" />
    </settings>
    <properties>
      <property name="_PID" value="12504" />
      <property name="_APPDOMAIN" value="nunit3-console" />
    </properties>
    <failure>
      <message><![CDATA[One or more child tests had errors]]></message>
    </failure>
    <test-suite type="TestSuite" id="1-1026" name="Selenium" fullname="Selenium" runstate="Runnable" testcasecount="20" result="Failed" site="Child" start-time="2022-10-21T17:24:54.8345029Z" end-time="2022-10-21T17:25:05.5542314Z" duration="10.719728" total="20" passed="0" failed="20" warnings="0" inconclusive="0" skipped="0" asserts="0">
      <failure>
        <message><![CDATA[One or more child tests had errors]]></message>
      </failure>
      <test-suite type="TestFixture" id="1-1000" name="AllureTests" fullname="Selenium.AllureTests" classname="Selenium.AllureTests" runstate="Runnable" testcasecount="1" result="Failed" label="Error" site="SetUp" start-time="2022-10-21T17:24:54.8367764Z" end-time="2022-10-21T17:24:57.0001990Z" duration="2.163423" total="1" passed="0" failed="1" warnings="0" inconclusive="0" skipped="0" asserts="0">
        <failure>
          <message><![CDATA[System.IO.FileNotFoundException : Could not find file 'D:\testData.json'.]]></message>
          <stack-trace><![CDATA[   at Microsoft.Win32.SafeHandles.SafeFileHandle.CreateFile(String fullPath, FileMode mode, FileAccess access, FileShare share, FileOptions options)
   at Microsoft.Win32.SafeHandles.SafeFileHandle.Open(String fullPath, FileMode mode, FileAccess access, FileShare share, FileOptions options, Int64 preallocationSize)
   at System.IO.Strategies.OSFileStreamStrategy..ctor(String path, FileMode mode, FileAccess access, FileShare share, FileOptions options, Int64 preallocationSize)
   at System.IO.Strategies.FileStreamHelpers.ChooseStrategyCore(String path, FileMode mode, FileAccess access, FileShare share, FileOptions options, Int64 preallocationSize)
   at System.IO.Strategies.FileStreamHelpers.ChooseStrategy(FileStream fileStream, String path, FileMode mode, FileAccess access, FileShare share, Int32 bufferSize, FileOptions options, Int64 preallocationSize)
   at System.IO.StreamReader.ValidateArgsAndOpenPath(String path, Encoding encoding, Int32 bufferSize)
   at System.IO.File.InternalReadAllText(String path, Encoding encoding)
   at System.IO.File.ReadAllText(String path)
   at Selenium.TestBase.OneTimeSetup() in D:\testing\Maxima_Aqa\ApiTesting\DemoTestFramework\Selenium\TestBase.cs:line 36]]></stack-trace>
        </failure>
        <test-case id="1-1001" name="OpenKznAuth1Testing" fullname="Selenium.AllureTests.OpenKznAuth1Testing" methodname="OpenKznAuth1Testing" classname="Selenium.AllureTests" runstate="Runnable" seed="1684063202" result="Failed" label="Error" site="Parent" start-time="2022-10-21T17:24:54.8367764Z" end-time="2022-10-21T17:24:56.3346296Z" duration="1.498041" asserts="0">
          <properties>
            <property name="Description" value="XXX" />
          </properties>
          <failure>
            <message><![CDATA[OneTimeSetUp: System.IO.FileNotFoundException : Could not find file 'D:\testData.json'.]]></message>
          </failure>
        </test-case>
      </test-suite>
      <test-suite type="TestFixture" id="1-1002" name="OpenKznRegistrationTests" fullname="Selenium.OpenKznRegistrationTests" classname="Selenium.OpenKznRegistrationTests" runstate="Runnable" testcasecount="3" result="Failed" label="Error" site="SetUp" start-time="2022-10-21T17:24:57.0034092Z" end-time="2022-10-21T17:24:59.3141757Z" duration="2.310767" total="3" passed="0" failed="3" warnings="0" inconclusive="0" skipped="0" asserts="0">
        <failure>
          <message><![CDATA[System.IO.FileNotFoundException : Could not find file 'D:\testData.json'.]]></message>
          <stack-trace><![CDATA[   at Microsoft.Win32.SafeHandles.SafeFileHandle.CreateFile(String fullPath, FileMode mode, FileAccess access, FileShare share, FileOptions options)
   at Microsoft.Win32.SafeHandles.SafeFileHandle.Open(String fullPath, FileMode mode, FileAccess access, FileShare share, FileOptions options, Int64 preallocationSize)
   at System.IO.Strategies.OSFileStreamStrategy..ctor(String path, FileMode mode, FileAccess access, FileShare share, FileOptions options, Int64 preallocationSize)
   at System.IO.Strategies.FileStreamHelpers.ChooseStrategyCore(String path, FileMode mode, FileAccess access, FileShare share, FileOptions options, Int64 preallocationSize)
   at System.IO.Strategies.FileStreamHelpers.ChooseStrategy(FileStream fileStream, String path, FileMode mode, FileAccess access, FileShare share, Int32 bufferSize, FileOptions options, Int64 preallocationSize)
   at System.IO.StreamReader.ValidateArgsAndOpenPath(String path, Encoding encoding, Int32 bufferSize)
   at System.IO.File.InternalReadAllText(String path, Encoding encoding)
   at System.IO.File.ReadAllText(String path)
   at Selenium.TestBase.OneTimeSetup() in D:\testing\Maxima_Aqa\ApiTesting\DemoTestFramework\Selenium\TestBase.cs:line 36]]></stack-trace>
        </failure>
        <test-case id="1-1004" name="FactoryTesting" fullname="Selenium.OpenKznRegistrationTests.FactoryTesting" methodname="FactoryTesting" classname="Selenium.OpenKznRegistrationTests" runstate="Runnable" seed="277575843" result="Failed" label="Error" site="Parent" start-time="2022-10-21T17:24:57.0034092Z" end-time="2022-10-21T17:24:58.7199525Z" duration="1.716543" asserts="0">
          <failure>
            <message><![CDATA[OneTimeSetUp: System.IO.FileNotFoundException : Could not find file 'D:\testData.json'.]]></message>
          </failure>
        </test-case>
        <test-case id="1-1003" name="OpenKznRegistrationTesting" fullname="Selenium.OpenKznRegistrationTests.OpenKznRegistrationTesting" methodname="OpenKznRegistrationTesting" classname="Selenium.OpenKznRegistrationTests" runstate="Runnable" seed="1710878291" result="Failed" label="Error" site="Parent" start-time="2022-10-21T17:24:57.0034092Z" end-time="2022-10-21T17:24:58.7200968Z" duration="1.716687" asserts="0">
          <failure>
            <message><![CDATA[OneTimeSetUp: System.IO.FileNotFoundException : Could not find file 'D:\testData.json'.]]></message>
          </failure>
        </test-case>
        <test-case id="1-1005" name="PageElementTesting" fullname="Selenium.OpenKznRegistrationTests.PageElementTesting" methodname="PageElementTesting" classname="Selenium.OpenKznRegistrationTests" runstate="Runnable" seed="328706689" result="Failed" label="Error" site="Parent" start-time="2022-10-21T17:24:57.0034092Z" end-time="2022-10-21T17:24:58.7201762Z" duration="1.716766" asserts="0">
          <failure>
            <message><![CDATA[OneTimeSetUp: System.IO.FileNotFoundException : Could not find file 'D:\testData.json'.]]></message>
          </failure>
        </test-case>
      </test-suite>
      <test-suite type="TestFixture" id="1-1006" name="OpenKznTests" fullname="Selenium.OpenKznTests" classname="Selenium.OpenKznTests" runstate="Runnable" testcasecount="15" result="Failed" label="Error" site="SetUp" start-time="2022-10-21T17:24:59.3142712Z" end-time="2022-10-21T17:25:01.4547757Z" duration="2.140505" total="15" passed="0" failed="15" warnings="0" inconclusive="0" skipped="0" asserts="0">
        <failure>
          <message><![CDATA[System.IO.FileNotFoundException : Could not find file 'D:\testData.json'.]]></message>
          <stack-trace><![CDATA[   at Microsoft.Win32.SafeHandles.SafeFileHandle.CreateFile(String fullPath, FileMode mode, FileAccess access, FileShare share, FileOptions options)
   at Microsoft.Win32.SafeHandles.SafeFileHandle.Open(String fullPath, FileMode mode, FileAccess access, FileShare share, FileOptions options, Int64 preallocationSize)
   at System.IO.Strategies.OSFileStreamStrategy..ctor(String path, FileMode mode, FileAccess access, FileShare share, FileOptions options, Int64 preallocationSize)
   at System.IO.Strategies.FileStreamHelpers.ChooseStrategyCore(String path, FileMode mode, FileAccess access, FileShare share, FileOptions options, Int64 preallocationSize)
   at System.IO.Strategies.FileStreamHelpers.ChooseStrategy(FileStream fileStream, String path, FileMode mode, FileAccess access, FileShare share, Int32 bufferSize, FileOptions options, Int64 preallocationSize)
   at System.IO.StreamReader.ValidateArgsAndOpenPath(String path, Encoding encoding, Int32 bufferSize)
   at System.IO.File.InternalReadAllText(String path, Encoding encoding)
   at System.IO.File.ReadAllText(String path)
   at Selenium.TestBase.OneTimeSetup() in D:\testing\Maxima_Aqa\ApiTesting\DemoTestFramework\Selenium\TestBase.cs:line 36]]></stack-trace>
        </failure>
        <test-case id="1-1016" name="allertConfirmTesting" fullname="Selenium.OpenKznTests.allertConfirmTesting" methodname="allertConfirmTesting" classname="Selenium.OpenKznTests" runstate="Runnable" seed="710927644" result="Failed" label="Error" site="Parent" start-time="2022-10-21T17:24:59.3142712Z" end-time="2022-10-21T17:25:01.0577476Z" duration="1.743477" asserts="0">
          <failure>
            <message><![CDATA[OneTimeSetUp: System.IO.FileNotFoundException : Could not find file 'D:\testData.json'.]]></message>
          </failure>
        </test-case>
        <test-case id="1-1017" name="allertPromtTesting" fullname="Selenium.OpenKznTests.allertPromtTesting" methodname="allertPromtTesting" classname="Selenium.OpenKznTests" runstate="Runnable" seed="280013464" result="Failed" label="Error" site="Parent" start-time="2022-10-21T17:24:59.3142712Z" end-time="2022-10-21T17:25:01.0577949Z" duration="1.743524" asserts="0">
          <failure>
            <message><![CDATA[OneTimeSetUp: System.IO.FileNotFoundException : Could not find file 'D:\testData.json'.]]></message>
          </failure>
        </test-case>
        <test-case id="1-1015" name="allertTesting" fullname="Selenium.OpenKznTests.allertTesting" methodname="allertTesting" classname="Selenium.OpenKznTests" runstate="Runnable" seed="1771413132" result="Failed" label="Error" site="Parent" start-time="2022-10-21T17:24:59.3142712Z" end-time="2022-10-21T17:25:01.0579751Z" duration="1.743704" asserts="0">
          <failure>
            <message><![CDATA[OneTimeSetUp: System.IO.FileNotFoundException : Could not find file 'D:\testData.json'.]]></message>
          </failure>
        </test-case>
        <test-suite type="ParameterizedMethod" id="1-1012" name="CheckSizeWindowsJSTesting" fullname="Selenium.OpenKznTests.CheckSizeWindowsJSTesting" classname="Selenium.OpenKznTests" runstate="Runnable" testcasecount="3" result="Failed" label="Error" site="Parent" start-time="2022-10-21T17:24:59.3142712Z" end-time="2022-10-21T17:25:01.0579936Z" duration="1.743722" total="0" passed="0" failed="0" warnings="0" inconclusive="0" skipped="0" asserts="0">
          <failure>
            <message><![CDATA[OneTimeSetUp: System.IO.FileNotFoundException : Could not find file 'D:\testData.json'.]]></message>
          </failure>
        </test-suite>
        <test-case id="1-1009" name="CheckSizeWindowsJSTesting(800,600)" fullname="Selenium.OpenKznTests.CheckSizeWindowsJSTesting(800,600)" methodname="CheckSizeWindowsJSTesting" classname="Selenium.OpenKznTests" runstate="Runnable" seed="1629246428" result="Failed" label="Error" site="Parent" start-time="2022-10-21T17:24:59.3142712Z" end-time="2022-10-21T17:25:01.0580144Z" duration="1.743743" asserts="0">
          <failure>
            <message><![CDATA[OneTimeSetUp: System.IO.FileNotFoundException : Could not find file 'D:\testData.json'.]]></message>
          </failure>
        </test-case>
        <test-case id="1-1010" name="CheckSizeWindowsJSTesting(300,600)" fullname="Selenium.OpenKznTests.CheckSizeWindowsJSTesting(300,600)" methodname="CheckSizeWindowsJSTesting" classname="Selenium.OpenKznTests" runstate="Runnable" seed="653635049" result="Failed" label="Error" site="Parent" start-time="2022-10-21T17:24:59.3142712Z" end-time="2022-10-21T17:25:01.0580334Z" duration="1.743762" asserts="0">
          <failure>
            <message><![CDATA[OneTimeSetUp: System.IO.FileNotFoundException : Could not find file 'D:\testData.json'.]]></message>
          </failure>
        </test-case>
        <test-case id="1-1011" name="CheckSizeWindowsJSTesting(740,1280)" fullname="Selenium.OpenKznTests.CheckSizeWindowsJSTesting(740,1280)" methodname="CheckSizeWindowsJSTesting" classname="Selenium.OpenKznTests" runstate="Runnable" seed="1812932673" result="Failed" label="Error" site="Parent" start-time="2022-10-21T17:24:59.3142712Z" end-time="2022-10-21T17:25:01.0580560Z" duration="1.743785" asserts="0">
          <failure>
            <message><![CDATA[OneTimeSetUp: System.IO.FileNotFoundException : Could not find file 'D:\testData.json'.]]></message>
          </failure>
        </test-case>
        <test-case id="1-1022" name="checkStyyleTesting" fullname="Selenium.OpenKznTests.checkStyyleTesting" methodname="checkStyyleTesting" classname="Selenium.OpenKznTests" runstate="Runnable" seed="2140799164" result="Failed" label="Error" site="Parent" start-time="2022-10-21T17:24:59.3142712Z" end-time="2022-10-21T17:25:01.0580818Z" duration="1.743811" asserts="0">
          <failure>
            <message><![CDATA[OneTimeSetUp: System.IO.FileNotFoundException : Could not find file 'D:\testData.json'.]]></message>
          </failure>
        </test-case>
        <test-case id="1-1019" name="cookieTesting" fullname="Selenium.OpenKznTests.cookieTesting" methodname="cookieTesting" classname="Selenium.OpenKznTests" runstate="Runnable" seed="1890052190" result="Failed" label="Error" site="Parent" start-time="2022-10-21T17:24:59.3142712Z" end-time="2022-10-21T17:25:01.0581135Z" duration="1.743842" asserts="0">
          <failure>
            <message><![CDATA[OneTimeSetUp: System.IO.FileNotFoundException : Could not find file 'D:\testData.json'.]]></message>
          </failure>
        </test-case>
        <test-case id="1-1021" name="jSExampleParentTesting" fullname="Selenium.OpenKznTests.jSExampleParentTesting" methodname="jSExampleParentTesting" classname="Selenium.OpenKznTests" runstate="Runnable" seed="1611493184" result="Failed" label="Error" site="Parent" start-time="2022-10-21T17:24:59.3142712Z" end-time="2022-10-21T17:25:01.0581346Z" duration="1.743863" asserts="0">
          <failure>
            <message><![CDATA[OneTimeSetUp: System.IO.FileNotFoundException : Could not find file 'D:\testData.json'.]]></message>
          </failure>
        </test-case>
        <test-case id="1-1013" name="jsExampleTesting" fullname="Selenium.OpenKznTests.jsExampleTesting" methodname="jsExampleTesting" classname="Selenium.OpenKznTests" runstate="Runnable" seed="1990269249" result="Failed" label="Error" site="Parent" start-time="2022-10-21T17:24:59.3142712Z" end-time="2022-10-21T17:25:01.0581554Z" duration="1.743884" asserts="0">
          <failure>
            <message><![CDATA[OneTimeSetUp: System.IO.FileNotFoundException : Could not find file 'D:\testData.json'.]]></message>
          </failure>
        </test-case>
        <test-case id="1-1020" name="jSExampleTesting" fullname="Selenium.OpenKznTests.jSExampleTesting" methodname="jSExampleTesting" classname="Selenium.OpenKznTests" runstate="Runnable" seed="2035301927" result="Failed" label="Error" site="Parent" start-time="2022-10-21T17:24:59.3142712Z" end-time="2022-10-21T17:25:01.0581759Z" duration="1.743905" asserts="0">
          <failure>
            <message><![CDATA[OneTimeSetUp: System.IO.FileNotFoundException : Could not find file 'D:\testData.json'.]]></message>
          </failure>
        </test-case>
        <test-case id="1-1018" name="newTabSwitchTesting" fullname="Selenium.OpenKznTests.newTabSwitchTesting" methodname="newTabSwitchTesting" classname="Selenium.OpenKznTests" runstate="Runnable" seed="2075924674" result="Failed" label="Error" site="Parent" start-time="2022-10-21T17:24:59.3142712Z" end-time="2022-10-21T17:25:01.0581976Z" duration="1.743926" asserts="0">
          <failure>
            <message><![CDATA[OneTimeSetUp: System.IO.FileNotFoundException : Could not find file 'D:\testData.json'.]]></message>
          </failure>
        </test-case>
        <test-case id="1-1007" name="OpenKznAuthTesting" fullname="Selenium.OpenKznTests.OpenKznAuthTesting" methodname="OpenKznAuthTesting" classname="Selenium.OpenKznTests" runstate="Runnable" seed="1072408058" result="Failed" label="Error" site="Parent" start-time="2022-10-21T17:24:59.3142712Z" end-time="2022-10-21T17:25:01.0582205Z" duration="1.743949" asserts="0">
          <failure>
            <message><![CDATA[OneTimeSetUp: System.IO.FileNotFoundException : Could not find file 'D:\testData.json'.]]></message>
          </failure>
        </test-case>
        <test-case id="1-1008" name="OpenKznCheckMyProfileTesting" fullname="Selenium.OpenKznTests.OpenKznCheckMyProfileTesting" methodname="OpenKznCheckMyProfileTesting" classname="Selenium.OpenKznTests" runstate="Runnable" seed="43419135" result="Failed" label="Error" site="Parent" start-time="2022-10-21T17:24:59.3142712Z" end-time="2022-10-21T17:25:01.0582418Z" duration="1.743971" asserts="0">
          <failure>
            <message><![CDATA[OneTimeSetUp: System.IO.FileNotFoundException : Could not find file 'D:\testData.json'.]]></message>
          </failure>
        </test-case>
        <test-case id="1-1014" name="ScreenTesting" fullname="Selenium.OpenKznTests.ScreenTesting" methodname="ScreenTesting" classname="Selenium.OpenKznTests" runstate="Runnable" seed="561925791" result="Failed" label="Error" site="Parent" start-time="2022-10-21T17:24:59.3142712Z" end-time="2022-10-21T17:25:01.0582628Z" duration="1.743993" asserts="0">
          <failure>
            <message><![CDATA[OneTimeSetUp: System.IO.FileNotFoundException : Could not find file 'D:\testData.json'.]]></message>
          </failure>
        </test-case>
      </test-suite>
      <test-suite type="TestFixture" id="1-1023" name="RemoteExample" fullname="Selenium.RemoteExample" classname="Selenium.RemoteExample" runstate="Runnable" testcasecount="1" result="Failed" site="Child" start-time="2022-10-21T17:25:01.4548723Z" end-time="2022-10-21T17:25:05.5541623Z" duration="4.099290" total="1" passed="0" failed="1" warnings="0" inconclusive="0" skipped="0" asserts="0">
        <failure>
          <message><![CDATA[One or more child tests had errors]]></message>
        </failure>
        <test-case id="1-1024" name="GoogleExampleTesting" fullname="Selenium.RemoteExample.GoogleExampleTesting" methodname="GoogleExampleTesting" classname="Selenium.RemoteExample" runstate="Runnable" seed="260117443" result="Failed" label="Error" start-time="2022-10-21T17:25:01.4551014Z" end-time="2022-10-21T17:25:05.5527423Z" duration="4.097641" asserts="0">
          <failure>
            <message><![CDATA[OpenQA.Selenium.WebDriverException : An unknown exception was encountered sending an HTTP request to the remote WebDriver server for URL http://localhost:4444/wd/hub/session. The exception message was: Подключение не установлено, т.к. конечный компьютер отверг запрос на подключение. (localhost:4444)
  ----> System.Net.Http.HttpRequestException : Подключение не установлено, т.к. конечный компьютер отверг запрос на подключение. (localhost:4444)
  ----> System.Net.Sockets.SocketException : Подключение не установлено, т.к. конечный компьютер отверг запрос на подключение.
TearDown : System.NullReferenceException : Object reference not set to an instance of an object.]]></message>
            <stack-trace><![CDATA[   at OpenQA.Selenium.Remote.HttpCommandExecutor.Execute(Command commandToExecute)
   at OpenQA.Selenium.WebDriver.Execute(String driverCommandToExecute, Dictionary`2 parameters)
   at OpenQA.Selenium.WebDriver.StartSession(ICapabilities desiredCapabilities)
   at OpenQA.Selenium.WebDriver..ctor(ICommandExecutor executor, ICapabilities capabilities)
   at OpenQA.Selenium.Remote.RemoteWebDriver..ctor(ICommandExecutor commandExecutor, ICapabilities desiredCapabilities)
   at OpenQA.Selenium.Remote.RemoteWebDriver..ctor(Uri remoteAddress, ICapabilities desiredCapabilities, TimeSpan commandTimeout)
   at Selenium.RemoteExample.Setup() in D:\testing\Maxima_Aqa\ApiTesting\DemoTestFramework\Selenium\RemoteExample.cs:line 24
--HttpRequestException
   at System.Net.Http.HttpConnectionPool.ConnectToTcpHostAsync(String host, Int32 port, HttpRequestMessage initialRequest, Boolean async, CancellationToken cancellationToken)
   at System.Net.Http.HttpConnectionPool.ConnectAsync(HttpRequestMessage request, Boolean async, CancellationToken cancellationToken)
   at System.Net.Http.HttpConnectionPool.CreateHttp11ConnectionAsync(HttpRequestMessage request, Boolean async, CancellationToken cancellationToken)
   at System.Net.Http.HttpConnectionPool.AddHttp11ConnectionAsync(HttpRequestMessage request)
   at System.Threading.Tasks.TaskCompletionSourceWithCancellation`1.WaitWithCancellationAsync(CancellationToken cancellationToken)
   at System.Net.Http.HttpConnectionPool.GetHttp11ConnectionAsync(HttpRequestMessage request, Boolean async, CancellationToken cancellationToken)
   at System.Net.Http.HttpConnectionPool.SendWithVersionDetectionAndRetryAsync(HttpRequestMessage request, Boolean async, Boolean doRequestAuth, CancellationToken cancellationToken)
   at System.Net.Http.RedirectHandler.SendAsync(HttpRequestMessage request, Boolean async, CancellationToken cancellationToken)
   at System.Net.Http.HttpClient.<SendAsync>g__Core|83_0(HttpRequestMessage request, HttpCompletionOption completionOption, CancellationTokenSource cts, Boolean disposeCts, CancellationTokenSource pendingRequestsCts, CancellationToken originalCancellationToken)
   at OpenQA.Selenium.Remote.HttpCommandExecutor.MakeHttpRequest(HttpRequestInfo requestInfo)
   at OpenQA.Selenium.Remote.HttpCommandExecutor.Execute(Command commandToExecute)
--SocketException
   at System.Net.Sockets.Socket.AwaitableSocketAsyncEventArgs.ThrowException(SocketError error, CancellationToken cancellationToken)
   at System.Net.Sockets.Socket.AwaitableSocketAsyncEventArgs.System.Threading.Tasks.Sources.IValueTaskSource.GetResult(Int16 token)
   at System.Net.Sockets.Socket.<ConnectAsync>g__WaitForConnectWithCancellation|277_0(AwaitableSocketAsyncEventArgs saea, ValueTask connectTask, CancellationToken cancellationToken)
   at System.Net.Http.HttpConnectionPool.ConnectToTcpHostAsync(String host, Int32 port, HttpRequestMessage initialRequest, Boolean async, CancellationToken cancellationToken)
--TearDown
   at Selenium.RemoteExample.After() in D:\testing\Maxima_Aqa\ApiTesting\DemoTestFramework\Selenium\RemoteExample.cs:line 30]]></stack-trace>
          </failure>
        </test-case>
      </test-suite>
    </test-suite>
  </test-suite>
</test-run>